GYFM2.exe Information: 0 : Version: 2.7.0.0
Error en el documento XML (0, 0).
GYFM2.exe Warning: 0 : Persistence failed: Unknown file type.
SyncControlsToFontDetails-IN
UpdateWindow-IN
Void InvokeHandler(System.Delegate, System.Object),Void UpdateWindow(),DrawToBitmap(Arial,Regular,72,<~>,~,500,1000,0,0,0,0)
UpdateWindow-OUT
SyncControlsToFontDetails-OUT
UpdateWindow-IN
System.Object CreateInstance(System.RuntimeType, Boolean, Boolean, Boolean ByRef, System.RuntimeMethodHandleInternal ByRef, Boolean ByRef),Void UpdateWindow(),DrawToBitmap(Arial,Regular,72,<~>,~,500,1000,0,0,0,0)
UpdateWindow-OUT
SyncFontDetailsToControls-IN
SyncFontDetailsToControls-OUT
UpdateWindow-IN
Void InvokeHandlersImpl(System.Object, System.Windows.RoutedEventArgs, Boolean),Void UpdateWindow(),DrawToBitmap(Arial,Regular,72,<~>,~,500,1000,0,0,0,0)
UpdateWindow-OUT
SyncFontDetailsToControls-IN
SyncFontDetailsToControls-OUT
SyncControlsToFontDetails-IN
SyncControlsToFontDetails-OUT
UpdateWindow-IN
Void buttonFont(System.Object, System.Windows.RoutedEventArgs),Void UpdateWindow(),DrawToBitmap(Ink Free,Bold,48,<~>,~,500,1000,0,0,0,0)
UpdateWindow-OUT
SyncFontDetailsToControls-IN
SyncFontDetailsToControls-OUT
SyncControlsToFontDetails-IN
SyncControlsToFontDetails-OUT
UpdateWindow-IN
Void buttonFont(System.Object, System.Windows.RoutedEventArgs),Void UpdateWindow(),DrawToBitmap(Ink Free,Bold,48,<~>,~,500,1000,0,0,0,0)
UpdateWindow-OUT
Void InvokeHandlersImpl(System.Object, System.Windows.RoutedEventArgs, Boolean),Void OnSaveFile(System.Object, System.Windows.RoutedEventArgs),DrawToBitmap(Ink Free,Bold,48,<~>,~,0,0,0,0,0,0)
